<?xml version="1.0" encoding="UTF-8"?>
<testsuite xmlns:xsi="http://www.w3.org/2001/XMLSchema-instance" xsi:noNamespaceSchemaLocation="https://maven.apache.org/surefire/maven-surefire-plugin/xsd/surefire-test-report.xsd" name="com.example.myapp.AppTest" time="0.027" tests="1" errors="0" skipped="0" failures="0">
  <properties>
    <property name="awt.toolkit" value="sun.awt.X11.XToolkit"/>
    <property name="java.specification.version" value="11"/>
    <property name="sun.cpu.isalist" value=""/>
    <property name="sun.jnu.encoding" value="UTF-8"/>
    <property name="java.class.path" value="/workspace/AWS-Solution-Architect/s3/SDK/java/myapp/target/test-classes:/workspace/AWS-Solution-Architect/s3/SDK/java/myapp/target/classes:/workspace/m2-repository/software/amazon/awssdk/s3/2.20.8/s3-2.20.8.jar:/workspace/m2-repository/software/amazon/awssdk/aws-xml-protocol/2.20.8/aws-xml-protocol-2.20.8.jar:/workspace/m2-repository/software/amazon/awssdk/aws-query-protocol/2.20.8/aws-query-protocol-2.20.8.jar:/workspace/m2-repository/software/amazon/awssdk/protocol-core/2.20.8/protocol-core-2.20.8.jar:/workspace/m2-repository/software/amazon/awssdk/arns/2.20.8/arns-2.20.8.jar:/workspace/m2-repository/software/amazon/awssdk/profiles/2.20.8/profiles-2.20.8.jar:/workspace/m2-repository/software/amazon/awssdk/sdk-core/2.20.8/sdk-core-2.20.8.jar:/workspace/m2-repository/org/slf4j/slf4j-api/1.7.30/slf4j-api-1.7.30.jar:/workspace/m2-repository/org/reactivestreams/reactive-streams/1.0.3/reactive-streams-1.0.3.jar:/workspace/m2-repository/software/amazon/awssdk/auth/2.20.8/auth-2.20.8.jar:/workspace/m2-repository/software/amazon/eventstream/eventstream/1.0.1/eventstream-1.0.1.jar:/workspace/m2-repository/software/amazon/awssdk/http-client-spi/2.20.8/http-client-spi-2.20.8.jar:/workspace/m2-repository/software/amazon/awssdk/regions/2.20.8/regions-2.20.8.jar:/workspace/m2-repository/software/amazon/awssdk/annotations/2.20.8/annotations-2.20.8.jar:/workspace/m2-repository/software/amazon/awssdk/utils/2.20.8/utils-2.20.8.jar:/workspace/m2-repository/software/amazon/awssdk/aws-core/2.20.8/aws-core-2.20.8.jar:/workspace/m2-repository/software/amazon/awssdk/metrics-spi/2.20.8/metrics-spi-2.20.8.jar:/workspace/m2-repository/software/amazon/awssdk/json-utils/2.20.8/json-utils-2.20.8.jar:/workspace/m2-repository/software/amazon/awssdk/third-party-jackson-core/2.20.8/third-party-jackson-core-2.20.8.jar:/workspace/m2-repository/software/amazon/awssdk/endpoints-spi/2.20.8/endpoints-spi-2.20.8.jar:/workspace/m2-repository/software/amazon/awssdk/apache-client/2.20.8/apache-client-2.20.8.jar:/workspace/m2-repository/org/apache/httpcomponents/httpclient/4.5.13/httpclient-4.5.13.jar:/workspace/m2-repository/commons-logging/commons-logging/1.2/commons-logging-1.2.jar:/workspace/m2-repository/org/apache/httpcomponents/httpcore/4.4.13/httpcore-4.4.13.jar:/workspace/m2-repository/commons-codec/commons-codec/1.15/commons-codec-1.15.jar:/workspace/m2-repository/software/amazon/awssdk/netty-nio-client/2.20.8/netty-nio-client-2.20.8.jar:/workspace/m2-repository/io/netty/netty-codec-http/4.1.86.Final/netty-codec-http-4.1.86.Final.jar:/workspace/m2-repository/io/netty/netty-codec-http2/4.1.86.Final/netty-codec-http2-4.1.86.Final.jar:/workspace/m2-repository/io/netty/netty-codec/4.1.86.Final/netty-codec-4.1.86.Final.jar:/workspace/m2-repository/io/netty/netty-transport/4.1.86.Final/netty-transport-4.1.86.Final.jar:/workspace/m2-repository/io/netty/netty-resolver/4.1.86.Final/netty-resolver-4.1.86.Final.jar:/workspace/m2-repository/io/netty/netty-common/4.1.86.Final/netty-common-4.1.86.Final.jar:/workspace/m2-repository/io/netty/netty-buffer/4.1.86.Final/netty-buffer-4.1.86.Final.jar:/workspace/m2-repository/io/netty/netty-handler/4.1.86.Final/netty-handler-4.1.86.Final.jar:/workspace/m2-repository/io/netty/netty-transport-native-unix-common/4.1.86.Final/netty-transport-native-unix-common-4.1.86.Final.jar:/workspace/m2-repository/io/netty/netty-transport-classes-epoll/4.1.86.Final/netty-transport-classes-epoll-4.1.86.Final.jar:/workspace/m2-repository/junit/junit/4.11/junit-4.11.jar:/workspace/m2-repository/org/hamcrest/hamcrest-core/1.3/hamcrest-core-1.3.jar:"/>
    <property name="java.vm.vendor" value="Azul Systems, Inc."/>
    <property name="sun.arch.data.model" value="64"/>
    <property name="java.vendor.url" value="http://www.azul.com/"/>
    <property name="user.timezone" value=""/>
    <property name="java.vm.specification.version" value="11"/>
    <property name="os.name" value="Linux"/>
    <property name="sun.java.launcher" value="SUN_STANDARD"/>
    <property name="user.country" value="US"/>
    <property name="sun.boot.library.path" value="/home/gitpod/.sdkman/candidates/java/11.0.23.fx-zulu/lib"/>
    <property name="sun.java.command" value="/workspace/AWS-Solution-Architect/s3/SDK/java/myapp/target/surefire/surefirebooter11737377795091851272.jar /workspace/AWS-Solution-Architect/s3/SDK/java/myapp/target/surefire 2024-08-27T10-41-42_452-jvmRun1 surefire13020729175950956594tmp surefire_07437013978899238774tmp"/>
    <property name="jdk.debug" value="release"/>
    <property name="surefire.test.class.path" value="/workspace/AWS-Solution-Architect/s3/SDK/java/myapp/target/test-classes:/workspace/AWS-Solution-Architect/s3/SDK/java/myapp/target/classes:/workspace/m2-repository/software/amazon/awssdk/s3/2.20.8/s3-2.20.8.jar:/workspace/m2-repository/software/amazon/awssdk/aws-xml-protocol/2.20.8/aws-xml-protocol-2.20.8.jar:/workspace/m2-repository/software/amazon/awssdk/aws-query-protocol/2.20.8/aws-query-protocol-2.20.8.jar:/workspace/m2-repository/software/amazon/awssdk/protocol-core/2.20.8/protocol-core-2.20.8.jar:/workspace/m2-repository/software/amazon/awssdk/arns/2.20.8/arns-2.20.8.jar:/workspace/m2-repository/software/amazon/awssdk/profiles/2.20.8/profiles-2.20.8.jar:/workspace/m2-repository/software/amazon/awssdk/sdk-core/2.20.8/sdk-core-2.20.8.jar:/workspace/m2-repository/org/slf4j/slf4j-api/1.7.30/slf4j-api-1.7.30.jar:/workspace/m2-repository/org/reactivestreams/reactive-streams/1.0.3/reactive-streams-1.0.3.jar:/workspace/m2-repository/software/amazon/awssdk/auth/2.20.8/auth-2.20.8.jar:/workspace/m2-repository/software/amazon/eventstream/eventstream/1.0.1/eventstream-1.0.1.jar:/workspace/m2-repository/software/amazon/awssdk/http-client-spi/2.20.8/http-client-spi-2.20.8.jar:/workspace/m2-repository/software/amazon/awssdk/regions/2.20.8/regions-2.20.8.jar:/workspace/m2-repository/software/amazon/awssdk/annotations/2.20.8/annotations-2.20.8.jar:/workspace/m2-repository/software/amazon/awssdk/utils/2.20.8/utils-2.20.8.jar:/workspace/m2-repository/software/amazon/awssdk/aws-core/2.20.8/aws-core-2.20.8.jar:/workspace/m2-repository/software/amazon/awssdk/metrics-spi/2.20.8/metrics-spi-2.20.8.jar:/workspace/m2-repository/software/amazon/awssdk/json-utils/2.20.8/json-utils-2.20.8.jar:/workspace/m2-repository/software/amazon/awssdk/third-party-jackson-core/2.20.8/third-party-jackson-core-2.20.8.jar:/workspace/m2-repository/software/amazon/awssdk/endpoints-spi/2.20.8/endpoints-spi-2.20.8.jar:/workspace/m2-repository/software/amazon/awssdk/apache-client/2.20.8/apache-client-2.20.8.jar:/workspace/m2-repository/org/apache/httpcomponents/httpclient/4.5.13/httpclient-4.5.13.jar:/workspace/m2-repository/commons-logging/commons-logging/1.2/commons-logging-1.2.jar:/workspace/m2-repository/org/apache/httpcomponents/httpcore/4.4.13/httpcore-4.4.13.jar:/workspace/m2-repository/commons-codec/commons-codec/1.15/commons-codec-1.15.jar:/workspace/m2-repository/software/amazon/awssdk/netty-nio-client/2.20.8/netty-nio-client-2.20.8.jar:/workspace/m2-repository/io/netty/netty-codec-http/4.1.86.Final/netty-codec-http-4.1.86.Final.jar:/workspace/m2-repository/io/netty/netty-codec-http2/4.1.86.Final/netty-codec-http2-4.1.86.Final.jar:/workspace/m2-repository/io/netty/netty-codec/4.1.86.Final/netty-codec-4.1.86.Final.jar:/workspace/m2-repository/io/netty/netty-transport/4.1.86.Final/netty-transport-4.1.86.Final.jar:/workspace/m2-repository/io/netty/netty-resolver/4.1.86.Final/netty-resolver-4.1.86.Final.jar:/workspace/m2-repository/io/netty/netty-common/4.1.86.Final/netty-common-4.1.86.Final.jar:/workspace/m2-repository/io/netty/netty-buffer/4.1.86.Final/netty-buffer-4.1.86.Final.jar:/workspace/m2-repository/io/netty/netty-handler/4.1.86.Final/netty-handler-4.1.86.Final.jar:/workspace/m2-repository/io/netty/netty-transport-native-unix-common/4.1.86.Final/netty-transport-native-unix-common-4.1.86.Final.jar:/workspace/m2-repository/io/netty/netty-transport-classes-epoll/4.1.86.Final/netty-transport-classes-epoll-4.1.86.Final.jar:/workspace/m2-repository/junit/junit/4.11/junit-4.11.jar:/workspace/m2-repository/org/hamcrest/hamcrest-core/1.3/hamcrest-core-1.3.jar:"/>
    <property name="sun.cpu.endian" value="little"/>
    <property name="user.home" value="/home/gitpod"/>
    <property name="user.language" value="en"/>
    <property name="java.specification.vendor" value="Oracle Corporation"/>
    <property name="java.version.date" value="2024-04-16"/>
    <property name="java.home" value="/home/gitpod/.sdkman/candidates/java/11.0.23.fx-zulu"/>
    <property name="file.separator" value="/"/>
    <property name="basedir" value="/workspace/AWS-Solution-Architect/s3/SDK/java/myapp"/>
    <property name="java.vm.compressedOopsMode" value="Zero based"/>
    <property name="line.separator" value="&#10;"/>
    <property name="java.specification.name" value="Java Platform API Specification"/>
    <property name="java.vm.specification.vendor" value="Oracle Corporation"/>
    <property name="jdk.vendor.version" value="Zulu11.72+19-CA"/>
    <property name="java.awt.graphicsenv" value="sun.awt.X11GraphicsEnvironment"/>
    <property name="surefire.real.class.path" value="/workspace/AWS-Solution-Architect/s3/SDK/java/myapp/target/surefire/surefirebooter11737377795091851272.jar"/>
    <property name="sun.management.compiler" value="HotSpot 64-Bit Tiered Compilers"/>
    <property name="java.runtime.version" value="11.0.23+9-LTS"/>
    <property name="user.name" value="gitpod"/>
    <property name="path.separator" value=":"/>
    <property name="os.version" value="6.1.91-060191-generic"/>
    <property name="java.runtime.name" value="OpenJDK Runtime Environment"/>
    <property name="file.encoding" value="UTF-8"/>
    <property name="java.vm.name" value="OpenJDK 64-Bit Server VM"/>
    <property name="java.vendor.version" value="Zulu11.72+19-CA"/>
    <property name="localRepository" value="/workspace/m2-repository"/>
    <property name="java.vendor.url.bug" value="http://www.azul.com/support/"/>
    <property name="java.io.tmpdir" value="/tmp"/>
    <property name="java.version" value="11.0.23"/>
    <property name="user.dir" value="/workspace/AWS-Solution-Architect/s3/SDK/java/myapp"/>
    <property name="os.arch" value="amd64"/>
    <property name="java.vm.specification.name" value="Java Virtual Machine Specification"/>
    <property name="java.awt.printerjob" value="sun.print.PSPrinterJob"/>
    <property name="sun.os.patch.level" value="unknown"/>
    <property name="java.library.path" value="/usr/java/packages/lib:/usr/lib64:/lib64:/lib:/usr/lib"/>
    <property name="java.vm.info" value="mixed mode"/>
    <property name="java.vendor" value="Azul Systems, Inc."/>
    <property name="java.vm.version" value="11.0.23+9-LTS"/>
    <property name="java.specification.maintenance.version" value="2"/>
    <property name="sun.io.unicode.encoding" value="UnicodeLittle"/>
    <property name="java.class.version" value="55.0"/>
  </properties>
  <testcase name="shouldAnswerWithTrue" classname="com.example.myapp.AppTest" time="0.001"/>
</testsuite>